2017-08-11 14:12:13 - PHP Warning:  realpath(): open_basedir restriction in effect. File(/var/www) is not within the allowed path(s): (/var/www/west.gregzorb.com/:.) in /var/www/west.gregzorb.com/admin/controller/common/security.php on line 26
2017-08-11 14:13:42 - PHP Warning:  realpath(): open_basedir restriction in effect. File(/var/www) is not within the allowed path(s): (/var/www/west.gregzorb.com/:.) in /var/www/west.gregzorb.com/admin/controller/common/security.php on line 55
2017-08-11 14:13:42 - PHP Warning:  is_dir(): open_basedir restriction in effect. File(/var/www/west.storage) is not within the allowed path(s): (/var/www/west.gregzorb.com/:.) in /var/www/west.gregzorb.com/admin/controller/common/security.php on line 63
2017-08-11 14:14:01 - PHP Warning:  realpath(): open_basedir restriction in effect. File(/var/www) is not within the allowed path(s): (/var/www/west.gregzorb.com/:.) in /var/www/west.gregzorb.com/admin/controller/common/security.php on line 55
2017-08-11 14:14:01 - PHP Warning:  is_dir(): open_basedir restriction in effect. File(/var/www/west.storage) is not within the allowed path(s): (/var/www/west.gregzorb.com/:.) in /var/www/west.gregzorb.com/admin/controller/common/security.php on line 63
2017-08-11 14:14:33 - PHP Warning:  realpath(): open_basedir restriction in effect. File(/var/www) is not within the allowed path(s): (/var/www/west.gregzorb.com/:.) in /var/www/west.gregzorb.com/admin/controller/common/security.php on line 55
2017-08-11 14:14:33 - PHP Warning:  is_dir(): open_basedir restriction in effect. File(/var/www/west.storage) is not within the allowed path(s): (/var/www/west.gregzorb.com/:.) in /var/www/west.gregzorb.com/admin/controller/common/security.php on line 63
2017-08-11 14:16:22 - PHP Warning:  realpath(): open_basedir restriction in effect. File(/var/www) is not within the allowed path(s): (/var/www/west.gregzorb.com/:.) in /var/www/west.gregzorb.com/admin/controller/common/security.php on line 55
2017-08-11 14:16:22 - PHP Warning:  is_dir(): open_basedir restriction in effect. File(/var/www/west.storage) is not within the allowed path(s): (/var/www/west.gregzorb.com/:.) in /var/www/west.gregzorb.com/admin/controller/common/security.php on line 63
2017-08-11 14:19:08 - PHP Warning:  realpath(): open_basedir restriction in effect. File(/var/www) is not within the allowed path(s): (/var/www/west.gregzorb.com/:.) in /var/www/west.gregzorb.com/admin/controller/common/security.php on line 26
2017-08-11 14:19:11 - PHP Warning:  realpath(): open_basedir restriction in effect. File(/var/www) is not within the allowed path(s): (/var/www/west.gregzorb.com/:.) in /var/www/west.gregzorb.com/admin/controller/common/security.php on line 26
2017-09-14 10:42:55 - PHP Warning:  realpath(): open_basedir restriction in effect. File(/var/www) is not within the allowed path(s): (/var/www/west.gregzorb.com/:.) in /var/www/west.gregzorb.com/admin/controller/common/security.php on line 26
2017-09-14 10:43:22 - PHP Warning:  realpath(): open_basedir restriction in effect. File(/var/www) is not within the allowed path(s): (/var/www/west.gregzorb.com/:.) in /var/www/west.gregzorb.com/admin/controller/common/security.php on line 26
2017-09-14 10:59:20 - PHP Warning:  fopen(/var/www/west.gregzorb.com/storage/cache/cache.catalog.language.1505390360): failed to open stream: No such file or directory in /var/www/west.gregzorb.com/system/library/cache/file.php on line 49
2017-09-14 10:59:20 - PHP Warning:  flock() expects parameter 1 to be resource, boolean given in /var/www/west.gregzorb.com/system/library/cache/file.php on line 51
2017-09-14 10:59:20 - PHP Warning:  fwrite() expects parameter 1 to be resource, boolean given in /var/www/west.gregzorb.com/system/library/cache/file.php on line 53
2017-09-14 10:59:20 - PHP Warning:  fflush() expects parameter 1 to be resource, boolean given in /var/www/west.gregzorb.com/system/library/cache/file.php on line 55
2017-09-14 10:59:20 - PHP Warning:  flock() expects parameter 1 to be resource, boolean given in /var/www/west.gregzorb.com/system/library/cache/file.php on line 57
2017-09-14 10:59:20 - PHP Warning:  fclose() expects parameter 1 to be resource, boolean given in /var/www/west.gregzorb.com/system/library/cache/file.php on line 59
2017-09-14 10:59:20 - PHP Warning:  fopen(/var/www/west.gregzorb.com/storage/cache/cache.currency.1505390360): failed to open stream: No such file or directory in /var/www/west.gregzorb.com/system/library/cache/file.php on line 49
2017-09-14 10:59:20 - PHP Warning:  flock() expects parameter 1 to be resource, boolean given in /var/www/west.gregzorb.com/system/library/cache/file.php on line 51
2017-09-14 10:59:20 - PHP Warning:  fwrite() expects parameter 1 to be resource, boolean given in /var/www/west.gregzorb.com/system/library/cache/file.php on line 53
2017-09-14 10:59:20 - PHP Warning:  fflush() expects parameter 1 to be resource, boolean given in /var/www/west.gregzorb.com/system/library/cache/file.php on line 55
2017-09-14 10:59:20 - PHP Warning:  flock() expects parameter 1 to be resource, boolean given in /var/www/west.gregzorb.com/system/library/cache/file.php on line 57
2017-09-14 10:59:20 - PHP Warning:  fclose() expects parameter 1 to be resource, boolean given in /var/www/west.gregzorb.com/system/library/cache/file.php on line 59
